# JRE version: OpenJDK Runtime Environment (8.0_242-b01) (build 1.8.0_242-release-1644-b01)
# Java VM: OpenJDK 64-Bit Server VM (25.242-b01 mixed mode windows-amd64 compressed oops)
Heap:
 PSYoungGen      total 407040K, used 40887K [0x00000000d5580000, 0x00000000f5400000, 0x0000000100000000)
  eden space 370688K, 7% used [0x00000000d5580000,0x00000000d705f3f8,0x00000000ebf80000)
  from space 36352K, 36% used [0x00000000ebf80000,0x00000000ecc8e890,0x00000000ee300000)
  to   space 34304K, 0% used [0x00000000f3280000,0x00000000f3280000,0x00000000f5400000)
 ParOldGen       total 246272K, used 82937K [0x0000000080000000, 0x000000008f080000, 0x00000000d5580000)
  object space 246272K, 33% used [0x0000000080000000,0x00000000850fe570,0x000000008f080000)
 Metaspace       used 94665K, capacity 99320K, committed 99404K, reserved 1134592K
  class space    used 12534K, capacity 13403K, committed 13440K, reserved 1048576K
GC Heap History (10 events):
Event: 167.480 GC heap before
{Heap before GC invocations=19 (full 4):
 PSYoungGen      total 297472K, used 257180K [0x00000000d5580000, 0x00000000ea300000, 0x0000000100000000)
  eden space 254976K, 100% used [0x00000000d5580000,0x00000000e4e80000,0x00000000e4e80000)
  from space 42496K, 5% used [0x00000000e7800000,0x00000000e7a270a8,0x00000000ea180000)
  to   space 42496K, 0% used [0x00000000e4e80000,0x00000000e4e80000,0x00000000e7800000)
 ParOldGen       total 246272K, used 82905K [0x0000000080000000, 0x000000008f080000, 0x00000000d5580000)
  object space 246272K, 33% used [0x0000000080000000,0x00000000850f6570,0x000000008f080000)
 Metaspace       used 94180K, capacity 98726K, committed 98892K, reserved 1134592K
  class space    used 12519K, capacity 13396K, committed 13440K, reserved 1048576K
Event: 167.557 GC heap after
Heap after GC invocations=19 (full 4):
 PSYoungGen      total 297472K, used 5718K [0x00000000d5580000, 0x00000000ed680000, 0x0000000100000000)
  eden space 254976K, 0% used [0x00000000d5580000,0x00000000d5580000,0x00000000e4e80000)
  from space 42496K, 13% used [0x00000000e4e80000,0x00000000e5415908,0x00000000e7800000)
  to   space 41472K, 0% used [0x00000000eae00000,0x00000000eae00000,0x00000000ed680000)
 ParOldGen       total 246272K, used 82913K [0x0000000080000000, 0x000000008f080000, 0x00000000d5580000)
  object space 246272K, 33% used [0x0000000080000000,0x00000000850f8570,0x000000008f080000)
 Metaspace       used 94180K, capacity 98726K, committed 98892K, reserved 1134592K
  class space    used 12519K, capacity 13396K, committed 13440K, reserved 1048576K
}
Event: 170.311 GC heap before
{Heap before GC invocations=20 (full 4):
 PSYoungGen      total 297472K, used 260694K [0x00000000d5580000, 0x00000000ed680000, 0x0000000100000000)
  eden space 254976K, 100% used [0x00000000d5580000,0x00000000e4e80000,0x00000000e4e80000)
  from space 42496K, 13% used [0x00000000e4e80000,0x00000000e5415908,0x00000000e7800000)
  to   space 41472K, 0% used [0x00000000eae00000,0x00000000eae00000,0x00000000ed680000)
 ParOldGen       total 246272K, used 82913K [0x0000000080000000, 0x000000008f080000, 0x00000000d5580000)
  object space 246272K, 33% used [0x0000000080000000,0x00000000850f8570,0x000000008f080000)
 Metaspace       used 94267K, capacity 98798K, committed 99148K, reserved 1134592K
  class space    used 12521K, capacity 13396K, committed 13440K, reserved 1048576K
Event: 170.464 GC heap after
Heap after GC invocations=20 (full 4):
 PSYoungGen      total 354816K, used 11928K [0x00000000d5580000, 0x00000000ee780000, 0x0000000100000000)
  eden space 313344K, 0% used [0x00000000d5580000,0x00000000d5580000,0x00000000e8780000)
  from space 41472K, 28% used [0x00000000eae00000,0x00000000eb9a6018,0x00000000ed680000)
  to   space 39424K, 0% used [0x00000000e8780000,0x00000000e8780000,0x00000000eae00000)
 ParOldGen       total 246272K, used 82921K [0x0000000080000000, 0x000000008f080000, 0x00000000d5580000)
  object space 246272K, 33% used [0x0000000080000000,0x00000000850fa570,0x000000008f080000)
 Metaspace       used 94267K, capacity 98798K, committed 99148K, reserved 1134592K
  class space    used 12521K, capacity 13396K, committed 13440K, reserved 1048576K
}
Event: 173.959 GC heap before
{Heap before GC invocations=21 (full 4):
 PSYoungGen      total 354816K, used 325272K [0x00000000d5580000, 0x00000000ee780000, 0x0000000100000000)
  eden space 313344K, 100% used [0x00000000d5580000,0x00000000e8780000,0x00000000e8780000)
  from space 41472K, 28% used [0x00000000eae00000,0x00000000eb9a6018,0x00000000ed680000)
  to   space 39424K, 0% used [0x00000000e8780000,0x00000000e8780000,0x00000000eae00000)
 ParOldGen       total 246272K, used 82921K [0x0000000080000000, 0x000000008f080000, 0x00000000d5580000)
  object space 246272K, 33% used [0x0000000080000000,0x00000000850fa570,0x000000008f080000)
 Metaspace       used 94485K, capacity 99036K, committed 99148K, reserved 1134592K
  class space    used 12533K, capacity 13401K, committed 13440K, reserved 1048576K
Event: 174.015 GC heap after
Heap after GC invocations=21 (full 4):
 PSYoungGen      total 352768K, used 15174K [0x00000000d5580000, 0x00000000f0c80000, 0x0000000100000000)
  eden space 313344K, 0% used [0x00000000d5580000,0x00000000d5580000,0x00000000e8780000)
  from space 39424K, 38% used [0x00000000e8780000,0x00000000e9651b10,0x00000000eae00000)
  to   space 37376K, 0% used [0x00000000ee800000,0x00000000ee800000,0x00000000f0c80000)
 ParOldGen       total 246272K, used 82929K [0x0000000080000000, 0x000000008f080000, 0x00000000d5580000)
  object space 246272K, 33% used [0x0000000080000000,0x00000000850fc570,0x000000008f080000)
 Metaspace       used 94485K, capacity 99036K, committed 99148K, reserved 1134592K
  class space    used 12533K, capacity 13401K, committed 13440K, reserved 1048576K
}
Event: 176.956 GC heap before
{Heap before GC invocations=22 (full 4):
 PSYoungGen      total 352768K, used 328518K [0x00000000d5580000, 0x00000000f0c80000, 0x0000000100000000)
  eden space 313344K, 100% used [0x00000000d5580000,0x00000000e8780000,0x00000000e8780000)
  from space 39424K, 38% used [0x00000000e8780000,0x00000000e9651b10,0x00000000eae00000)
  to   space 37376K, 0% used [0x00000000ee800000,0x00000000ee800000,0x00000000f0c80000)
 ParOldGen       total 246272K, used 82929K [0x0000000080000000, 0x000000008f080000, 0x00000000d5580000)
  object space 246272K, 33% used [0x0000000080000000,0x00000000850fc570,0x000000008f080000)
 Metaspace       used 94524K, capacity 99042K, committed 99148K, reserved 1134592K
  class space    used 12533K, capacity 13402K, committed 13440K, reserved 1048576K
Event: 176.990 GC heap after
Heap after GC invocations=22 (full 4):
 PSYoungGen      total 401920K, used 18218K [0x00000000d5580000, 0x00000000f0680000, 0x0000000100000000)
  eden space 370688K, 0% used [0x00000000d5580000,0x00000000d5580000,0x00000000ebf80000)
  from space 31232K, 58% used [0x00000000ee800000,0x00000000ef9caab8,0x00000000f0680000)
  to   space 36352K, 0% used [0x00000000ebf80000,0x00000000ebf80000,0x00000000ee300000)
 ParOldGen       total 246272K, used 82937K [0x0000000080000000, 0x000000008f080000, 0x00000000d5580000)
  object space 246272K, 33% used [0x0000000080000000,0x00000000850fe570,0x000000008f080000)
 Metaspace       used 94524K, capacity 99042K, committed 99148K, reserved 1134592K
  class space    used 12533K, capacity 13402K, committed 13440K, reserved 1048576K
}
Event: 181.507 GC heap before
{Heap before GC invocations=23 (full 4):
 PSYoungGen      total 401920K, used 388906K [0x00000000d5580000, 0x00000000f0680000, 0x0000000100000000)
  eden space 370688K, 100% used [0x00000000d5580000,0x00000000ebf80000,0x00000000ebf80000)
  from space 31232K, 58% used [0x00000000ee800000,0x00000000ef9caab8,0x00000000f0680000)
  to   space 36352K, 0% used [0x00000000ebf80000,0x00000000ebf80000,0x00000000ee300000)
 ParOldGen       total 246272K, used 82937K [0x0000000080000000, 0x000000008f080000, 0x00000000d5580000)
  object space 246272K, 33% used [0x0000000080000000,0x00000000850fe570,0x000000008f080000)
 Metaspace       used 94640K, capacity 99182K, committed 99404K, reserved 1134592K
  class space    used 12533K, capacity 13402K, committed 13440K, reserved 1048576K
Event: 181.786 GC heap after
Heap after GC invocations=23 (full 4):
 PSYoungGen      total 407040K, used 13370K [0x00000000d5580000, 0x00000000f5400000, 0x0000000100000000)
  eden space 370688K, 0% used [0x00000000d5580000,0x00000000d5580000,0x00000000ebf80000)
  from space 36352K, 36% used [0x00000000ebf80000,0x00000000ecc8e890,0x00000000ee300000)
  to   space 34304K, 0% used [0x00000000f3280000,0x00000000f3280000,0x00000000f5400000)
 ParOldGen       total 246272K, used 82937K [0x0000000080000000, 0x000000008f080000, 0x00000000d5580000)
  object space 246272K, 33% used [0x0000000080000000,0x00000000850fe570,0x000000008f080000)
 Metaspace       used 94640K, capacity 99182K, committed 99404K, reserved 1134592K
  class space    used 12533K, capacity 13402K, committed 13440K, reserved 1048576K
}

