# JRE version: OpenJDK Runtime Environment (8.0_242-b01) (build 1.8.0_242-release-1644-b01)
# Java VM: OpenJDK 64-Bit Server VM (25.242-b01 mixed mode windows-amd64 compressed oops)
Heap:
 PSYoungGen      total 169472K, used 63935K [0x00000000d5580000, 0x00000000e2900000, 0x0000000100000000)
  eden space 152064K, 42% used [0x00000000d5580000,0x00000000d93efe60,0x00000000dea00000)
  from space 17408K, 0% used [0x00000000e1800000,0x00000000e1800000,0x00000000e2900000)
  to   space 12800K, 0% used [0x00000000dea00000,0x00000000dea00000,0x00000000df680000)
 ParOldGen       total 86016K, used 33813K [0x0000000080000000, 0x0000000085400000, 0x00000000d5580000)
  object space 86016K, 39% used [0x0000000080000000,0x0000000082105458,0x0000000085400000)
 Metaspace       used 59090K, capacity 61298K, committed 61528K, reserved 1101824K
  class space    used 8077K, capacity 8566K, committed 8576K, reserved 1048576K
GC Heap History (10 events):
Event: 19.592 GC heap before
{Heap before GC invocations=11 (full 2):
 PSYoungGen      total 119808K, used 9658K [0x00000000d5580000, 0x00000000e0500000, 0x0000000100000000)
  eden space 108032K, 0% used [0x00000000d5580000,0x00000000d5580000,0x00000000dbf00000)
  from space 11776K, 82% used [0x00000000dbf00000,0x00000000dc86e8d8,0x00000000dca80000)
  to   space 12288K, 0% used [0x00000000df900000,0x00000000df900000,0x00000000e0500000)
 ParOldGen       total 57856K, used 9321K [0x0000000080000000, 0x0000000083880000, 0x00000000d5580000)
  object space 57856K, 16% used [0x0000000080000000,0x000000008091a720,0x0000000083880000)
 Metaspace       used 34329K, capacity 35286K, committed 35416K, reserved 1079296K
  class space    used 4679K, capacity 4910K, committed 4992K, reserved 1048576K
Event: 19.718 GC heap after
Heap after GC invocations=11 (full 2):
 PSYoungGen      total 119808K, used 0K [0x00000000d5580000, 0x00000000e0500000, 0x0000000100000000)
  eden space 108032K, 0% used [0x00000000d5580000,0x00000000d5580000,0x00000000dbf00000)
  from space 11776K, 0% used [0x00000000dbf00000,0x00000000dbf00000,0x00000000dca80000)
  to   space 12288K, 0% used [0x00000000df900000,0x00000000df900000,0x00000000e0500000)
 ParOldGen       total 86016K, used 16814K [0x0000000080000000, 0x0000000085400000, 0x00000000d5580000)
  object space 86016K, 19% used [0x0000000080000000,0x000000008106bb70,0x0000000085400000)
 Metaspace       used 34329K, capacity 35286K, committed 35416K, reserved 1079296K
  class space    used 4679K, capacity 4910K, committed 4992K, reserved 1048576K
}
Event: 22.632 GC heap before
{Heap before GC invocations=12 (full 2):
 PSYoungGen      total 119808K, used 108032K [0x00000000d5580000, 0x00000000e0500000, 0x0000000100000000)
  eden space 108032K, 100% used [0x00000000d5580000,0x00000000dbf00000,0x00000000dbf00000)
  from space 11776K, 0% used [0x00000000dbf00000,0x00000000dbf00000,0x00000000dca80000)
  to   space 12288K, 0% used [0x00000000df900000,0x00000000df900000,0x00000000e0500000)
 ParOldGen       total 86016K, used 16814K [0x0000000080000000, 0x0000000085400000, 0x00000000d5580000)
  object space 86016K, 19% used [0x0000000080000000,0x000000008106bb70,0x0000000085400000)
 Metaspace       used 41735K, capacity 43256K, committed 43352K, reserved 1087488K
  class space    used 5702K, capacity 6015K, committed 6016K, reserved 1048576K
Event: 22.665 GC heap after
Heap after GC invocations=12 (full 2):
 PSYoungGen      total 151552K, used 10086K [0x00000000d5580000, 0x00000000e0300000, 0x0000000100000000)
  eden space 141312K, 0% used [0x00000000d5580000,0x00000000d5580000,0x00000000ddf80000)
  from space 10240K, 98% used [0x00000000df900000,0x00000000e02d9990,0x00000000e0300000)
  to   space 12800K, 0% used [0x00000000dea00000,0x00000000dea00000,0x00000000df680000)
 ParOldGen       total 86016K, used 16822K [0x0000000080000000, 0x0000000085400000, 0x00000000d5580000)
  object space 86016K, 19% used [0x0000000080000000,0x000000008106db70,0x0000000085400000)
 Metaspace       used 41735K, capacity 43256K, committed 43352K, reserved 1087488K
  class space    used 5702K, capacity 6015K, committed 6016K, reserved 1048576K
}
Event: 28.008 GC heap before
{Heap before GC invocations=13 (full 2):
 PSYoungGen      total 151552K, used 151398K [0x00000000d5580000, 0x00000000e0300000, 0x0000000100000000)
  eden space 141312K, 100% used [0x00000000d5580000,0x00000000ddf80000,0x00000000ddf80000)
  from space 10240K, 98% used [0x00000000df900000,0x00000000e02d9990,0x00000000e0300000)
  to   space 12800K, 0% used [0x00000000dea00000,0x00000000dea00000,0x00000000df680000)
 ParOldGen       total 86016K, used 16822K [0x0000000080000000, 0x0000000085400000, 0x00000000d5580000)
  object space 86016K, 19% used [0x0000000080000000,0x000000008106db70,0x0000000085400000)
 Metaspace       used 53468K, capacity 55486K, committed 55640K, reserved 1097728K
  class space    used 7268K, capacity 7729K, committed 7808K, reserved 1048576K
Event: 28.047 GC heap after
Heap after GC invocations=13 (full 2):
 PSYoungGen      total 164864K, used 12788K [0x00000000d5580000, 0x00000000e2900000, 0x0000000100000000)
  eden space 152064K, 0% used [0x00000000d5580000,0x00000000d5580000,0x00000000dea00000)
  from space 12800K, 99% used [0x00000000dea00000,0x00000000df67d320,0x00000000df680000)
  to   space 17408K, 0% used [0x00000000e1800000,0x00000000e1800000,0x00000000e2900000)
 ParOldGen       total 86016K, used 25537K [0x0000000080000000, 0x0000000085400000, 0x00000000d5580000)
  object space 86016K, 29% used [0x0000000080000000,0x00000000818f04f0,0x0000000085400000)
 Metaspace       used 53468K, capacity 55486K, committed 55640K, reserved 1097728K
  class space    used 7268K, capacity 7729K, committed 7808K, reserved 1048576K
}
Event: 30.456 GC heap before
{Heap before GC invocations=14 (full 2):
 PSYoungGen      total 164864K, used 83460K [0x00000000d5580000, 0x00000000e2900000, 0x0000000100000000)
  eden space 152064K, 46% used [0x00000000d5580000,0x00000000d9a84028,0x00000000dea00000)
  from space 12800K, 99% used [0x00000000dea00000,0x00000000df67d320,0x00000000df680000)
  to   space 17408K, 0% used [0x00000000e1800000,0x00000000e1800000,0x00000000e2900000)
 ParOldGen       total 86016K, used 25537K [0x0000000080000000, 0x0000000085400000, 0x00000000d5580000)
  object space 86016K, 29% used [0x0000000080000000,0x00000000818f04f0,0x0000000085400000)
 Metaspace       used 56754K, capacity 58838K, committed 58968K, reserved 1099776K
  class space    used 7754K, capacity 8239K, committed 8320K, reserved 1048576K
Event: 30.507 GC heap after
Heap after GC invocations=14 (full 2):
 PSYoungGen      total 169472K, used 5809K [0x00000000d5580000, 0x00000000e2900000, 0x0000000100000000)
  eden space 152064K, 0% used [0x00000000d5580000,0x00000000d5580000,0x00000000dea00000)
  from space 17408K, 33% used [0x00000000e1800000,0x00000000e1dac5b8,0x00000000e2900000)
  to   space 12800K, 0% used [0x00000000dea00000,0x00000000dea00000,0x00000000df680000)
 ParOldGen       total 86016K, used 38229K [0x0000000080000000, 0x0000000085400000, 0x00000000d5580000)
  object space 86016K, 44% used [0x0000000080000000,0x0000000082555498,0x0000000085400000)
 Metaspace       used 56754K, capacity 58838K, committed 58968K, reserved 1099776K
  class space    used 7754K, capacity 8239K, committed 8320K, reserved 1048576K
}
Event: 30.507 GC heap before
{Heap before GC invocations=15 (full 3):
 PSYoungGen      total 169472K, used 5809K [0x00000000d5580000, 0x00000000e2900000, 0x0000000100000000)
  eden space 152064K, 0% used [0x00000000d5580000,0x00000000d5580000,0x00000000dea00000)
  from space 17408K, 33% used [0x00000000e1800000,0x00000000e1dac5b8,0x00000000e2900000)
  to   space 12800K, 0% used [0x00000000dea00000,0x00000000dea00000,0x00000000df680000)
 ParOldGen       total 86016K, used 38229K [0x0000000080000000, 0x0000000085400000, 0x00000000d5580000)
  object space 86016K, 44% used [0x0000000080000000,0x0000000082555498,0x0000000085400000)
 Metaspace       used 56754K, capacity 58838K, committed 58968K, reserved 1099776K
  class space    used 7754K, capacity 8239K, committed 8320K, reserved 1048576K
Event: 31.138 GC heap after
Heap after GC invocations=15 (full 3):
 PSYoungGen      total 169472K, used 0K [0x00000000d5580000, 0x00000000e2900000, 0x0000000100000000)
  eden space 152064K, 0% used [0x00000000d5580000,0x00000000d5580000,0x00000000dea00000)
  from space 17408K, 0% used [0x00000000e1800000,0x00000000e1800000,0x00000000e2900000)
  to   space 12800K, 0% used [0x00000000dea00000,0x00000000dea00000,0x00000000df680000)
 ParOldGen       total 86016K, used 33813K [0x0000000080000000, 0x0000000085400000, 0x00000000d5580000)
  object space 86016K, 39% used [0x0000000080000000,0x0000000082105458,0x0000000085400000)
 Metaspace       used 56754K, capacity 58838K, committed 58968K, reserved 1099776K
  class space    used 7754K, capacity 8239K, committed 8320K, reserved 1048576K
}

