# JRE version: OpenJDK Runtime Environment (8.0_242-b01) (build 1.8.0_242-release-1644-b01)
# Java VM: OpenJDK 64-Bit Server VM (25.242-b01 mixed mode windows-amd64 compressed oops)
Heap:
 PSYoungGen      total 431616K, used 237030K [0x00000000d5580000, 0x00000000f2900000, 0x0000000100000000)
  eden space 384512K, 49% used [0x00000000d5580000,0x00000000e0f00f78,0x00000000ecd00000)
  from space 47104K, 99% used [0x00000000ecd00000,0x00000000efaf8c08,0x00000000efb00000)
  to   space 39936K, 0% used [0x00000000f0200000,0x00000000f0200000,0x00000000f2900000)
 ParOldGen       total 192512K, used 66734K [0x0000000080000000, 0x000000008bc00000, 0x00000000d5580000)
  object space 192512K, 34% used [0x0000000080000000,0x000000008412ba98,0x000000008bc00000)
 Metaspace       used 128675K, capacity 134898K, committed 135040K, reserved 1167360K
  class space    used 16549K, capacity 17757K, committed 17792K, reserved 1048576K
GC Heap History (10 events):
Event: 1234.339 GC heap before
{Heap before GC invocations=19 (full 4):
 PSYoungGen      total 348160K, used 302080K [0x00000000d5580000, 0x00000000eec80000, 0x0000000100000000)
  eden space 302080K, 100% used [0x00000000d5580000,0x00000000e7c80000,0x00000000e7c80000)
  from space 46080K, 0% used [0x00000000ea700000,0x00000000ea700000,0x00000000ed400000)
  to   space 43520K, 0% used [0x00000000e7c80000,0x00000000e7c80000,0x00000000ea700000)
 ParOldGen       total 192512K, used 59566K [0x0000000080000000, 0x000000008bc00000, 0x00000000d5580000)
  object space 192512K, 30% used [0x0000000080000000,0x0000000083a2b860,0x000000008bc00000)
 Metaspace       used 100937K, capacity 104926K, committed 105216K, reserved 1140736K
  class space    used 13202K, capacity 14000K, committed 14080K, reserved 1048576K
Event: 1234.435 GC heap after
Heap after GC invocations=19 (full 4):
 PSYoungGen      total 345600K, used 20479K [0x00000000d5580000, 0x00000000f2b00000, 0x0000000100000000)
  eden space 302080K, 0% used [0x00000000d5580000,0x00000000d5580000,0x00000000e7c80000)
  from space 43520K, 47% used [0x00000000e7c80000,0x00000000e907fd78,0x00000000ea700000)
  to   space 41984K, 0% used [0x00000000f0200000,0x00000000f0200000,0x00000000f2b00000)
 ParOldGen       total 192512K, used 59574K [0x0000000080000000, 0x000000008bc00000, 0x00000000d5580000)
  object space 192512K, 30% used [0x0000000080000000,0x0000000083a2d860,0x000000008bc00000)
 Metaspace       used 100937K, capacity 104926K, committed 105216K, reserved 1140736K
  class space    used 13202K, capacity 14000K, committed 14080K, reserved 1048576K
}
Event: 1406.946 GC heap before
{Heap before GC invocations=20 (full 4):
 PSYoungGen      total 345600K, used 322559K [0x00000000d5580000, 0x00000000f2b00000, 0x0000000100000000)
  eden space 302080K, 100% used [0x00000000d5580000,0x00000000e7c80000,0x00000000e7c80000)
  from space 43520K, 47% used [0x00000000e7c80000,0x00000000e907fd78,0x00000000ea700000)
  to   space 41984K, 0% used [0x00000000f0200000,0x00000000f0200000,0x00000000f2b00000)
 ParOldGen       total 192512K, used 59574K [0x0000000080000000, 0x000000008bc00000, 0x00000000d5580000)
  object space 192512K, 30% used [0x0000000080000000,0x0000000083a2d860,0x000000008bc00000)
 Metaspace       used 104733K, capacity 109162K, committed 109440K, reserved 1144832K
  class space    used 13488K, capacity 14389K, committed 14464K, reserved 1048576K
Event: 1407.047 GC heap after
Heap after GC invocations=20 (full 4):
 PSYoungGen      total 424448K, used 39465K [0x00000000d5580000, 0x00000000f2900000, 0x0000000100000000)
  eden space 384512K, 0% used [0x00000000d5580000,0x00000000d5580000,0x00000000ecd00000)
  from space 39936K, 98% used [0x00000000f0200000,0x00000000f288a520,0x00000000f2900000)
  to   space 47104K, 0% used [0x00000000ecd00000,0x00000000ecd00000,0x00000000efb00000)
 ParOldGen       total 192512K, used 59582K [0x0000000080000000, 0x000000008bc00000, 0x00000000d5580000)
  object space 192512K, 30% used [0x0000000080000000,0x0000000083a2f860,0x000000008bc00000)
 Metaspace       used 104733K, capacity 109162K, committed 109440K, reserved 1144832K
  class space    used 13488K, capacity 14389K, committed 14464K, reserved 1048576K
}
Event: 1453.864 GC heap before
{Heap before GC invocations=21 (full 4):
 PSYoungGen      total 424448K, used 423977K [0x00000000d5580000, 0x00000000f2900000, 0x0000000100000000)
  eden space 384512K, 100% used [0x00000000d5580000,0x00000000ecd00000,0x00000000ecd00000)
  from space 39936K, 98% used [0x00000000f0200000,0x00000000f288a520,0x00000000f2900000)
  to   space 47104K, 0% used [0x00000000ecd00000,0x00000000ecd00000,0x00000000efb00000)
 ParOldGen       total 192512K, used 59582K [0x0000000080000000, 0x000000008bc00000, 0x00000000d5580000)
  object space 192512K, 30% used [0x0000000080000000,0x0000000083a2f860,0x000000008bc00000)
 Metaspace       used 109008K, capacity 113934K, committed 114176K, reserved 1148928K
  class space    used 14009K, capacity 15009K, committed 15104K, reserved 1048576K
Event: 1453.922 GC heap after
Heap after GC invocations=21 (full 4):
 PSYoungGen      total 431616K, used 27046K [0x00000000d5580000, 0x00000000f2900000, 0x0000000100000000)
  eden space 384512K, 0% used [0x00000000d5580000,0x00000000d5580000,0x00000000ecd00000)
  from space 47104K, 57% used [0x00000000ecd00000,0x00000000ee769960,0x00000000efb00000)
  to   space 39936K, 0% used [0x00000000f0200000,0x00000000f0200000,0x00000000f2900000)
 ParOldGen       total 192512K, used 59590K [0x0000000080000000, 0x000000008bc00000, 0x00000000d5580000)
  object space 192512K, 30% used [0x0000000080000000,0x0000000083a31860,0x000000008bc00000)
 Metaspace       used 109008K, capacity 113934K, committed 114176K, reserved 1148928K
  class space    used 14009K, capacity 15009K, committed 15104K, reserved 1048576K
}
Event: 1485.088 GC heap before
{Heap before GC invocations=22 (full 4):
 PSYoungGen      total 431616K, used 411558K [0x00000000d5580000, 0x00000000f2900000, 0x0000000100000000)
  eden space 384512K, 100% used [0x00000000d5580000,0x00000000ecd00000,0x00000000ecd00000)
  from space 47104K, 57% used [0x00000000ecd00000,0x00000000ee769960,0x00000000efb00000)
  to   space 39936K, 0% used [0x00000000f0200000,0x00000000f0200000,0x00000000f2900000)
 ParOldGen       total 192512K, used 59590K [0x0000000080000000, 0x000000008bc00000, 0x00000000d5580000)
  object space 192512K, 30% used [0x0000000080000000,0x0000000083a31860,0x000000008bc00000)
 Metaspace       used 116306K, capacity 121334K, committed 121472K, reserved 1155072K
  class space    used 14946K, capacity 15987K, committed 16000K, reserved 1048576K
Event: 1485.131 GC heap after
Heap after GC invocations=22 (full 4):
 PSYoungGen      total 424448K, used 29459K [0x00000000d5580000, 0x00000000f2900000, 0x0000000100000000)
  eden space 384512K, 0% used [0x00000000d5580000,0x00000000d5580000,0x00000000ecd00000)
  from space 39936K, 73% used [0x00000000f0200000,0x00000000f1ec4cb8,0x00000000f2900000)
  to   space 47104K, 0% used [0x00000000ecd00000,0x00000000ecd00000,0x00000000efb00000)
 ParOldGen       total 192512K, used 59598K [0x0000000080000000, 0x000000008bc00000, 0x00000000d5580000)
  object space 192512K, 30% used [0x0000000080000000,0x0000000083a33860,0x000000008bc00000)
 Metaspace       used 116306K, capacity 121334K, committed 121472K, reserved 1155072K
  class space    used 14946K, capacity 15987K, committed 16000K, reserved 1048576K
}
Event: 1497.379 GC heap before
{Heap before GC invocations=23 (full 4):
 PSYoungGen      total 424448K, used 413971K [0x00000000d5580000, 0x00000000f2900000, 0x0000000100000000)
  eden space 384512K, 100% used [0x00000000d5580000,0x00000000ecd00000,0x00000000ecd00000)
  from space 39936K, 73% used [0x00000000f0200000,0x00000000f1ec4cb8,0x00000000f2900000)
  to   space 47104K, 0% used [0x00000000ecd00000,0x00000000ecd00000,0x00000000efb00000)
 ParOldGen       total 192512K, used 59598K [0x0000000080000000, 0x000000008bc00000, 0x00000000d5580000)
  object space 192512K, 30% used [0x0000000080000000,0x0000000083a33860,0x000000008bc00000)
 Metaspace       used 127602K, capacity 133502K, committed 133632K, reserved 1165312K
  class space    used 16409K, capacity 17581K, committed 17664K, reserved 1048576K
Event: 1497.545 GC heap after
Heap after GC invocations=23 (full 4):
 PSYoungGen      total 431616K, used 47075K [0x00000000d5580000, 0x00000000f2900000, 0x0000000100000000)
  eden space 384512K, 0% used [0x00000000d5580000,0x00000000d5580000,0x00000000ecd00000)
  from space 47104K, 99% used [0x00000000ecd00000,0x00000000efaf8c08,0x00000000efb00000)
  to   space 39936K, 0% used [0x00000000f0200000,0x00000000f0200000,0x00000000f2900000)
 ParOldGen       total 192512K, used 66734K [0x0000000080000000, 0x000000008bc00000, 0x00000000d5580000)
  object space 192512K, 34% used [0x0000000080000000,0x000000008412ba98,0x000000008bc00000)
 Metaspace       used 127602K, capacity 133502K, committed 133632K, reserved 1165312K
  class space    used 16409K, capacity 17581K, committed 17664K, reserved 1048576K
}

